Z:\TPSTEREO\TPSTEREO\TPSTEREO\TPSTEREO\DEBUG\TPSTEREO.PCH
Z:\TPSTEREO\TPSTEREO\TPSTEREO\TPSTEREO\DEBUG\STDAFX.OBJ
Z:\TPSTEREO\TPSTEREO\TPSTEREO\TPSTEREO\DEBUG\VC110.PDB
Z:\TPSTEREO\TPSTEREO\TPSTEREO\TPSTEREO\DEBUG\TPSTEREO.OBJ
Z:\TPSTEREO\TPSTEREO\TPSTEREO\DEBUG\TPSTEREO.ILK
Z:\TPSTEREO\TPSTEREO\TPSTEREO\DEBUG\TPSTEREO.EXE
Z:\TPSTEREO\TPSTEREO\TPSTEREO\DEBUG\TPSTEREO.PDB
Z:\TPStereo\TPStereo\TPStereo\TPStereo\Debug\stdafx.obj
Z:\TPStereo\TPStereo\TPStereo\TPStereo\Debug\TPStereo.obj
Z:\TPStereo\TPStereo\TPStereo\TPStereo\Debug\cl.command.1.tlog
Z:\TPStereo\TPStereo\TPStereo\TPStereo\Debug\CL.read.1.tlog
Z:\TPStereo\TPStereo\TPStereo\TPStereo\Debug\CL.write.1.tlog
Z:\TPStereo\TPStereo\TPStereo\TPStereo\Debug\link-cvtres.read.1.tlog
Z:\TPStereo\TPStereo\TPStereo\TPStereo\Debug\link-cvtres.write.1.tlog
Z:\TPStereo\TPStereo\TPStereo\TPStereo\Debug\link-rc.read.1.tlog
Z:\TPStereo\TPStereo\TPStereo\TPStereo\Debug\link-rc.write.1.tlog
Z:\TPStereo\TPStereo\TPStereo\TPStereo\Debug\link.6320-cvtres.read.1.tlog
Z:\TPStereo\TPStereo\TPStereo\TPStereo\Debug\link.6320-cvtres.write.1.tlog
Z:\TPStereo\TPStereo\TPStereo\TPStereo\Debug\link.6320-rc.read.1.tlog
Z:\TPStereo\TPStereo\TPStereo\TPStereo\Debug\link.6320-rc.write.1.tlog
Z:\TPStereo\TPStereo\TPStereo\TPStereo\Debug\link.6320.read.1.tlog
Z:\TPStereo\TPStereo\TPStereo\TPStereo\Debug\link.6320.write.1.tlog
Z:\TPStereo\TPStereo\TPStereo\TPStereo\Debug\link.7684-cvtres.read.1.tlog
Z:\TPStereo\TPStereo\TPStereo\TPStereo\Debug\link.7684-cvtres.write.1.tlog
Z:\TPStereo\TPStereo\TPStereo\TPStereo\Debug\link.7684-rc.read.1.tlog
Z:\TPStereo\TPStereo\TPStereo\TPStereo\Debug\link.7684-rc.write.1.tlog
Z:\TPStereo\TPStereo\TPStereo\TPStereo\Debug\link.7684.read.1.tlog
Z:\TPStereo\TPStereo\TPStereo\TPStereo\Debug\link.7684.write.1.tlog
Z:\TPStereo\TPStereo\TPStereo\TPStereo\Debug\link.9596-cvtres.read.1.tlog
Z:\TPStereo\TPStereo\TPStereo\TPStereo\Debug\link.9596-cvtres.write.1.tlog
Z:\TPStereo\TPStereo\TPStereo\TPStereo\Debug\link.9596-rc.read.1.tlog
Z:\TPStereo\TPStereo\TPStereo\TPStereo\Debug\link.9596-rc.write.1.tlog
Z:\TPStereo\TPStereo\TPStereo\TPStereo\Debug\link.9596.read.1.tlog
Z:\TPStereo\TPStereo\TPStereo\TPStereo\Debug\link.9596.write.1.tlog
Z:\TPStereo\TPStereo\TPStereo\TPStereo\Debug\link.command.1.tlog
Z:\TPStereo\TPStereo\TPStereo\TPStereo\Debug\link.read.1.tlog
Z:\TPStereo\TPStereo\TPStereo\TPStereo\Debug\link.write.1.tlog
Z:\TPStereo\TPStereo\TPStereo\TPStereo\Debug\TPStereo.pch
Z:\TPStereo\TPStereo\TPStereo\TPStereo\Debug\vc110.idb
Z:\TPStereo\TPStereo\TPStereo\TPStereo\Debug\vc110.pdb
Z:\TPStereo\TPStereo\TPStereo\Debug\TPStereo.pdb
Z:\TPStereo\TPStereo\TPStereo\Debug\TPStereo.exe
Z:\TPStereo\TPStereo\TPStereo\Debug\TPStereo.ilk
