La génération a démarré 23/10/2015 11:38:28.
     1>Projet "Z:\TPStereo\TPStereo\TPStereo\TPStereo\TPStereo.vcxproj" sur le nœud 2 (Build cible(s)).
     1>ClCompile:
         C:\Program Files (x86)\Microsoft Visual Studio 11.0\VC\bin\CL.exe /c /ZI /nologo /W3 /WX- /sdl /Od /Oy- /D WIN32 /D _DEBUG /D _CONSOLE /D _UNICODE /D UNICODE /Gm /EHsc /RTC1 /MDd /GS /fp:precise /Zc:wchar_t /Zc:forScope /Yu"stdafx.h" /Fp"Debug\TPStereo.pch" /Fo"Debug\\" /Fd"Debug\vc110.pdb" /Gd /TP /analyze- /errorReport:prompt TPStereo.cpp
         TPStereo.cpp
     1>z:\tpstereo\tpstereo\tpstereo\tpstereo\tpstereo.cpp(23): error C2969: erreur de syntaxe : ';' : la définition d'une fonction membre doit se terminer par '}'
     1>z:\tpstereo\tpstereo\tpstereo\tpstereo\tpstereo.cpp(29): error C2236: jeton 'class' inattendu. N'auriez-vous pas oublié un ';' ?
     1>z:\tpstereo\tpstereo\tpstereo\tpstereo\tpstereo.cpp(29): error C2143: erreur de syntaxe : absence de ';' avant '{'
     1>z:\tpstereo\tpstereo\tpstereo\tpstereo\tpstereo.cpp(29): error C2447: '{' : en-tête de fonction manquant (liste formelle à l'ancien format ?)
     1>z:\tpstereo\tpstereo\tpstereo\tpstereo\tpstereo.cpp(36): error C2146: erreur de syntaxe : absence de ';' avant l'identificateur 'camera'
     1>z:\tpstereo\tpstereo\tpstereo\tpstereo\tpstereo.cpp(36): error C4430: spécificateur de type manquant - int est pris en compte par défaut. Remarque : C++ ne prend pas en charge int par défaut
     1>z:\tpstereo\tpstereo\tpstereo\tpstereo\tpstereo.cpp(36): error C2059: erreur de syntaxe : ';'
     1>z:\tpstereo\tpstereo\tpstereo\tpstereo\tpstereo.cpp(36): error C2630: ';' trouvé(e) à la place d'une liste avec la virgule comme séparateur
     1>z:\tpstereo\tpstereo\tpstereo\tpstereo\tpstereo.cpp(37): error C2059: erreur de syntaxe : '.'
     1>z:\tpstereo\tpstereo\tpstereo\tpstereo\tpstereo.cpp(37): error C2630: ';' trouvé(e) à la place d'une liste avec la virgule comme séparateur
     1>z:\tpstereo\tpstereo\tpstereo\tpstereo\tpstereo.cpp(38): error C2059: erreur de syntaxe : '.'
     1>z:\tpstereo\tpstereo\tpstereo\tpstereo\tpstereo.cpp(38): error C2630: ';' trouvé(e) à la place d'une liste avec la virgule comme séparateur
     1>z:\tpstereo\tpstereo\tpstereo\tpstereo\tpstereo.cpp(40): error C2059: erreur de syntaxe : '<class-head>'
     1>z:\tpstereo\tpstereo\tpstereo\tpstereo\tpstereo.cpp(40): error C2630: ';' trouvé(e) à la place d'une liste avec la virgule comme séparateur
     1>z:\tpstereo\tpstereo\tpstereo\tpstereo\tpstereo.cpp(48): error C4430: spécificateur de type manquant - int est pris en compte par défaut. Remarque : C++ ne prend pas en charge int par défaut
     1>z:\tpstereo\tpstereo\tpstereo\tpstereo\tpstereo.cpp(51): error C2146: erreur de syntaxe : absence de ';' avant l'identificateur 'cube'
     1>z:\tpstereo\tpstereo\tpstereo\tpstereo\tpstereo.cpp(51): error C4430: spécificateur de type manquant - int est pris en compte par défaut. Remarque : C++ ne prend pas en charge int par défaut
     1>z:\tpstereo\tpstereo\tpstereo\tpstereo\tpstereo.cpp(51): error C2086: 'int vertex' : redéfinition
                 z:\tpstereo\tpstereo\tpstereo\tpstereo\tpstereo.cpp(48) : voir la déclaration de 'vertex'
     1>z:\tpstereo\tpstereo\tpstereo\tpstereo\tpstereo.cpp(52): error C2078: initialiseurs trop nombreux
     1>z:\tpstereo\tpstereo\tpstereo\tpstereo\tpstereo.cpp(103): error C2228: la partie gauche de '.r' doit avoir un class/struct/union
                 le type est 'int'
     1>z:\tpstereo\tpstereo\tpstereo\tpstereo\tpstereo.cpp(103): error C2228: la partie gauche de '.g' doit avoir un class/struct/union
                 le type est 'int'
     1>z:\tpstereo\tpstereo\tpstereo\tpstereo\tpstereo.cpp(103): error C2228: la partie gauche de '.b' doit avoir un class/struct/union
                 le type est 'int'
     1>z:\tpstereo\tpstereo\tpstereo\tpstereo\tpstereo.cpp(104): error C2228: la partie gauche de '.x' doit avoir un class/struct/union
                 le type est 'int'
     1>z:\tpstereo\tpstereo\tpstereo\tpstereo\tpstereo.cpp(104): error C2228: la partie gauche de '.y' doit avoir un class/struct/union
                 le type est 'int'
     1>z:\tpstereo\tpstereo\tpstereo\tpstereo\tpstereo.cpp(104): error C2228: la partie gauche de '.z' doit avoir un class/struct/union
                 le type est 'int'
     1>z:\tpstereo\tpstereo\tpstereo\tpstereo\tpstereo.cpp(115): error C2065: 'camera' : identificateur non déclaré
     1>z:\tpstereo\tpstereo\tpstereo\tpstereo\tpstereo.cpp(115): error C2228: la partie gauche de '.vp' doit avoir un class/struct/union
                 le type est ''unknown-type''
     1>z:\tpstereo\tpstereo\tpstereo\tpstereo\tpstereo.cpp(115): error C2228: la partie gauche de '.x' doit avoir un class/struct/union
     1>z:\tpstereo\tpstereo\tpstereo\tpstereo\tpstereo.cpp(115): error C2228: la partie gauche de '.y' doit avoir un class/struct/union
     1>z:\tpstereo\tpstereo\tpstereo\tpstereo\tpstereo.cpp(115): error C2228: la partie gauche de '.vp_' doit avoir un class/struct/union
                 le type est ''unknown-type''
     1>z:\tpstereo\tpstereo\tpstereo\tpstereo\tpstereo.cpp(115): error C2228: la partie gauche de '.z' doit avoir un class/struct/union
     1>z:\tpstereo\tpstereo\tpstereo\tpstereo\tpstereo.cpp(115): error C2228: la partie gauche de '.focus' doit avoir un class/struct/union
                 le type est ''unknown-type''
     1>z:\tpstereo\tpstereo\tpstereo\tpstereo\tpstereo.cpp(115): error C2228: la partie gauche de '.vu' doit avoir un class/struct/union
                 le type est ''unknown-type''
     1>z:\tpstereo\tpstereo\tpstereo\tpstereo\tpstereo.cpp(121): error C2065: 'camera' : identificateur non déclaré
     1>z:\tpstereo\tpstereo\tpstereo\tpstereo\tpstereo.cpp(121): error C2228: la partie gauche de '.vp' doit avoir un class/struct/union
                 le type est ''unknown-type''
     1>z:\tpstereo\tpstereo\tpstereo\tpstereo\tpstereo.cpp(121): error C2228: la partie gauche de '.x' doit avoir un class/struct/union
     1>z:\tpstereo\tpstereo\tpstereo\tpstereo\tpstereo.cpp(121): error C2228: la partie gauche de '.y' doit avoir un class/struct/union
     1>z:\tpstereo\tpstereo\tpstereo\tpstereo\tpstereo.cpp(121): error C2228: la partie gauche de '.vp_' doit avoir un class/struct/union
                 le type est ''unknown-type''
     1>z:\tpstereo\tpstereo\tpstereo\tpstereo\tpstereo.cpp(121): error C2228: la partie gauche de '.z' doit avoir un class/struct/union
     1>z:\tpstereo\tpstereo\tpstereo\tpstereo\tpstereo.cpp(121): error C2228: la partie gauche de '.focus' doit avoir un class/struct/union
                 le type est ''unknown-type''
     1>z:\tpstereo\tpstereo\tpstereo\tpstereo\tpstereo.cpp(121): error C2228: la partie gauche de '.vu' doit avoir un class/struct/union
                 le type est ''unknown-type''
     1>Génération du projet "Z:\TPStereo\TPStereo\TPStereo\TPStereo\TPStereo.vcxproj" terminée (Build cible(s)) -- ÉCHEC.

ÉCHEC de la build.

Temps écoulé 00:00:01.02
